/gpfs/home/danila/sbrs-research/.venv/lib64/python3.9/site-packages/ray/_private/parameter.py:4: UserWarning: pkg_resources is deprecated as an API. See https://setuptools.pypa.io/en/latest/pkg_resources.html. The pkg_resources package is slated for removal as early as 2025-11-30. Refrain from using this package or pin to Setuptools<81.
  import pkg_resources
05 Jun 21:06    INFO  ['run_base.py', '--MAX_ITEM_LIST_LENGTH=5']
05 Jun 21:06    INFO  
General Hyper Parameters:
gpu_id = 0
use_gpu = True
seed = 2020
state = INFO
reproducibility = True
data_path = dataset/ml-1m
checkpoint_dir = saved
show_progress = False
save_dataset = False
dataset_save_path = None
save_dataloaders = False
dataloaders_save_path = None
log_wandb = False

Training Hyper Parameters:
epochs = 200
train_batch_size = 128
learner = adam
learning_rate = 0.001
train_neg_sample_args = {'distribution': 'none', 'sample_num': 'none', 'alpha': 'none', 'dynamic': False, 'candidate_num': 0}
eval_step = 1
stopping_step = 10
clip_grad_norm = None
weight_decay = 0.0
loss_decimal_place = 4

Evaluation Hyper Parameters:
eval_args = {'split': {'LS': 'valid_and_test'}, 'order': 'TO', 'group_by': 'user', 'mode': {'valid': 'uni100', 'test': 'uni100'}}
repeatable = True
metrics = ['NDCG', 'MRR', 'Hit']
topk = [10]
valid_metric = NDCG@10
valid_metric_bigger = True
eval_batch_size = 128
metric_decimal_place = 4

Dataset Hyper Parameters:
field_separator = 	
seq_separator =  
USER_ID_FIELD = user_id
ITEM_ID_FIELD = item_id
RATING_FIELD = rating
TIME_FIELD = timestamp
seq_len = None
LABEL_FIELD = label
threshold = None
NEG_PREFIX = neg_
load_col = {'inter': ['user_id', 'item_id', 'timestamp'], 'item': ['item_id', 'genre', 'release_year'], 'user': ['user_id', 'gender', 'age', 'occupation']}
unload_col = None
unused_col = None
additional_feat_suffix = None
rm_dup_inter = None
val_interval = None
filter_inter_by_user_or_item = True
user_inter_num_interval = [0,inf)
item_inter_num_interval = [0,inf)
alias_of_user_id = None
alias_of_item_id = None
alias_of_entity_id = None
alias_of_relation_id = None
preload_weight = None
normalize_field = None
normalize_all = None
ITEM_LIST_LENGTH_FIELD = item_length
LIST_SUFFIX = _list
MAX_ITEM_LIST_LENGTH = 5
POSITION_FIELD = position_id
HEAD_ENTITY_ID_FIELD = head_id
TAIL_ENTITY_ID_FIELD = tail_id
RELATION_ID_FIELD = relation_id
ENTITY_ID_FIELD = entity_id
benchmark_filename = None

Other Hyper Parameters: 
worker = 0
wandb_project = recbole
shuffle = True
require_pow = False
enable_amp = True
enable_scaler = False
transform = None
n_layers = 2
n_heads = 2
hidden_size = 64
inner_size = 256
hidden_dropout_prob = 0.2
attn_dropout_prob = 0.2
hidden_act = gelu
layer_norm_eps = 1e-12
initializer_range = 0.02
loss_type = CE
numerical_features = []
discretization = None
kg_reverse_r = False
entity_kg_num_interval = [0,inf)
relation_kg_num_interval = [0,inf)
MODEL_TYPE = ModelType.SEQUENTIAL
embedding_size = 64
pooling_mode = sum
selected_item_features = ['release_year']
selected_user_features = ['age']
MODEL_INPUT_TYPE = InputType.POINTWISE
eval_type = EvaluatorType.RANKING
single_spec = True
local_rank = 0
device = cuda
valid_neg_sample_args = {'distribution': 'uniform', 'sample_num': 100}
test_neg_sample_args = {'distribution': 'uniform', 'sample_num': 100}


/gpfs/home/danila/sbrs-research/.venv/lib64/python3.9/site-packages/recbole/data/dataset/dataset.py:501: FutureWarning: A value is trying to be set on a copy of a DataFrame or Series through chained assignment using an inplace method.
The behavior will change in pandas 3.0. This inplace method will never work because the intermediate object on which we are setting values always behaves as a copy.

For example, when doing 'df[col].method(value, inplace=True)', try using 'df.method({col: value}, inplace=True)' or df[col] = df[col].method(value) instead, to perform the operation inplace on the original object.


  df[field].fillna(value="", inplace=True)
/gpfs/home/danila/sbrs-research/.venv/lib64/python3.9/site-packages/recbole/data/dataset/dataset.py:1217: FutureWarning: using <built-in function len> in Series.agg cannot aggregate and has been deprecated. Use Series.transform to keep behavior unchanged.
  split_point = np.cumsum(feat[field].agg(len))[:-1]
/gpfs/home/danila/sbrs-research/.venv/lib64/python3.9/site-packages/recbole/data/dataset/dataset.py:648: FutureWarning: A value is trying to be set on a copy of a DataFrame or Series through chained assignment using an inplace method.
The behavior will change in pandas 3.0. This inplace method will never work because the intermediate object on which we are setting values always behaves as a copy.

For example, when doing 'df[col].method(value, inplace=True)', try using 'df.method({col: value}, inplace=True)' or df[col] = df[col].method(value) instead, to perform the operation inplace on the original object.


  feat[field].fillna(value=0, inplace=True)
/gpfs/home/danila/sbrs-research/.venv/lib64/python3.9/site-packages/recbole/data/dataset/dataset.py:650: FutureWarning: A value is trying to be set on a copy of a DataFrame or Series through chained assignment using an inplace method.
The behavior will change in pandas 3.0. This inplace method will never work because the intermediate object on which we are setting values always behaves as a copy.

For example, when doing 'df[col].method(value, inplace=True)', try using 'df.method({col: value}, inplace=True)' or df[col] = df[col].method(value) instead, to perform the operation inplace on the original object.


  feat[field].fillna(value=feat[field].mean(), inplace=True)
05 Jun 21:06    INFO  ml-1m
The number of users: 6041
Average actions of users: 165.5975165562914
The number of items: 3884
Average actions of items: 269.88909875876953
The number of inters: 1000209
The sparsity of the dataset: 95.73712398848173%
Remain Fields: ['user_id', 'item_id', 'timestamp', 'age', 'gender', 'occupation', 'release_year', 'genre']
05 Jun 21:06    INFO  [Training]: train_batch_size = [128] train_neg_sample_args: [{'distribution': 'none', 'sample_num': 'none', 'alpha': 'none', 'dynamic': False, 'candidate_num': 0}]
05 Jun 21:06    INFO  [Evaluation]: eval_batch_size = [128] eval_args: [{'split': {'LS': 'valid_and_test'}, 'order': 'TO', 'group_by': 'user', 'mode': {'valid': 'uni100', 'test': 'uni100'}}]
05 Jun 21:06    INFO  SASRec(
  (item_embedding): Embedding(3884, 64, padding_idx=0)
  (position_embedding): Embedding(5, 64)
  (trm_encoder): TransformerEncoder(
    (layer): ModuleList(
      (0-1): 2 x TransformerLayer(
        (multi_head_attention): MultiHeadAttention(
          (query): Linear(in_features=64, out_features=64, bias=True)
          (key): Linear(in_features=64, out_features=64, bias=True)
          (value): Linear(in_features=64, out_features=64, bias=True)
          (softmax): Softmax(dim=-1)
          (attn_dropout): Dropout(p=0.2, inplace=False)
          (dense): Linear(in_features=64, out_features=64, bias=True)
          (LayerNorm): LayerNorm((64,), eps=1e-12, elementwise_affine=True)
          (out_dropout): Dropout(p=0.2, inplace=False)
        )
        (feed_forward): FeedForward(
          (dense_1): Linear(in_features=64, out_features=256, bias=True)
          (dense_2): Linear(in_features=256, out_features=64, bias=True)
          (LayerNorm): LayerNorm((64,), eps=1e-12, elementwise_affine=True)
          (dropout): Dropout(p=0.2, inplace=False)
        )
      )
    )
  )
  (LayerNorm): LayerNorm((64,), eps=1e-12, elementwise_affine=True)
  (dropout): Dropout(p=0.2, inplace=False)
  (loss_fct): CrossEntropyLoss()
)
Trainable parameters: 348992
05 Jun 21:06    INFO  FLOPs: 495704.0
/gpfs/home/danila/sbrs-research/.venv/lib64/python3.9/site-packages/recbole/trainer/trainer.py:235: FutureWarning: `torch.cuda.amp.GradScaler(args...)` is deprecated. Please use `torch.amp.GradScaler('cuda', args...)` instead.
  scaler = amp.GradScaler(enabled=self.enable_scaler)
05 Jun 21:11    INFO  epoch 0 training [time: 291.32s, train loss: 46680.2829]
05 Jun 21:11    INFO  epoch 0 evaluating [time: 15.39s, valid_score: 0.587800]
05 Jun 21:11    INFO  valid result: 
ndcg@10 : 0.5878    mrr@10 : 0.5201    hit@10 : 0.8013
05 Jun 21:11    INFO  Saving current: saved/SASRec-Jun-05-2025_21-06-36.pth
05 Jun 21:16    INFO  epoch 1 training [time: 289.80s, train loss: 43280.0053]
05 Jun 21:16    INFO  epoch 1 evaluating [time: 15.34s, valid_score: 0.606800]
05 Jun 21:16    INFO  valid result: 
ndcg@10 : 0.6068    mrr@10 : 0.5396    hit@10 : 0.8177
05 Jun 21:16    INFO  Saving current: saved/SASRec-Jun-05-2025_21-06-36.pth
05 Jun 21:21    INFO  epoch 2 training [time: 289.49s, train loss: 42622.8037]
05 Jun 21:21    INFO  epoch 2 evaluating [time: 15.19s, valid_score: 0.611300]
05 Jun 21:21    INFO  valid result: 
ndcg@10 : 0.6113    mrr@10 : 0.5456    hit@10 : 0.8174
05 Jun 21:21    INFO  Saving current: saved/SASRec-Jun-05-2025_21-06-36.pth
05 Jun 21:26    INFO  epoch 3 training [time: 289.47s, train loss: 42249.0978]
05 Jun 21:26    INFO  epoch 3 evaluating [time: 15.24s, valid_score: 0.614400]
05 Jun 21:26    INFO  valid result: 
ndcg@10 : 0.6144    mrr@10 : 0.5493    hit@10 : 0.819
05 Jun 21:26    INFO  Saving current: saved/SASRec-Jun-05-2025_21-06-36.pth
05 Jun 21:31    INFO  epoch 4 training [time: 289.60s, train loss: 42019.3096]
05 Jun 21:32    INFO  epoch 4 evaluating [time: 15.18s, valid_score: 0.620300]
05 Jun 21:32    INFO  valid result: 
ndcg@10 : 0.6203    mrr@10 : 0.556    hit@10 : 0.8217
05 Jun 21:32    INFO  Saving current: saved/SASRec-Jun-05-2025_21-06-36.pth
05 Jun 21:36    INFO  epoch 5 training [time: 289.77s, train loss: 41830.6576]
05 Jun 21:37    INFO  epoch 5 evaluating [time: 15.15s, valid_score: 0.618800]
05 Jun 21:37    INFO  valid result: 
ndcg@10 : 0.6188    mrr@10 : 0.5544    hit@10 : 0.8214
05 Jun 21:41    INFO  epoch 6 training [time: 287.90s, train loss: 41701.0300]
05 Jun 21:42    INFO  epoch 6 evaluating [time: 15.30s, valid_score: 0.618700]
05 Jun 21:42    INFO  valid result: 
ndcg@10 : 0.6187    mrr@10 : 0.5533    hit@10 : 0.8237
05 Jun 21:47    INFO  epoch 7 training [time: 288.73s, train loss: 41598.5094]
05 Jun 21:47    INFO  epoch 7 evaluating [time: 15.19s, valid_score: 0.627900]
05 Jun 21:47    INFO  valid result: 
ndcg@10 : 0.6279    mrr@10 : 0.564    hit@10 : 0.8288
05 Jun 21:47    INFO  Saving current: saved/SASRec-Jun-05-2025_21-06-36.pth
05 Jun 21:52    INFO  epoch 8 training [time: 290.92s, train loss: 41511.8778]
05 Jun 21:52    INFO  epoch 8 evaluating [time: 15.18s, valid_score: 0.621000]
05 Jun 21:52    INFO  valid result: 
ndcg@10 : 0.621    mrr@10 : 0.5565    hit@10 : 0.8242
05 Jun 21:57    INFO  epoch 9 training [time: 289.67s, train loss: 41435.1980]
05 Jun 21:57    INFO  epoch 9 evaluating [time: 15.18s, valid_score: 0.622500]
05 Jun 21:57    INFO  valid result: 
ndcg@10 : 0.6225    mrr@10 : 0.559    hit@10 : 0.8217
05 Jun 22:02    INFO  epoch 10 training [time: 288.60s, train loss: 41372.3530]
05 Jun 22:02    INFO  epoch 10 evaluating [time: 15.19s, valid_score: 0.624500]
05 Jun 22:02    INFO  valid result: 
ndcg@10 : 0.6245    mrr@10 : 0.5612    hit@10 : 0.8232
05 Jun 22:07    INFO  epoch 11 training [time: 288.87s, train loss: 41323.2934]
05 Jun 22:07    INFO  epoch 11 evaluating [time: 15.29s, valid_score: 0.624800]
05 Jun 22:07    INFO  valid result: 
ndcg@10 : 0.6248    mrr@10 : 0.5605    hit@10 : 0.8262
05 Jun 22:12    INFO  epoch 12 training [time: 289.15s, train loss: 41277.6783]
05 Jun 22:12    INFO  epoch 12 evaluating [time: 15.27s, valid_score: 0.626100]
05 Jun 22:12    INFO  valid result: 
ndcg@10 : 0.6261    mrr@10 : 0.5628    hit@10 : 0.8247
05 Jun 22:17    INFO  epoch 13 training [time: 288.76s, train loss: 41237.9666]
05 Jun 22:17    INFO  epoch 13 evaluating [time: 15.16s, valid_score: 0.625200]
05 Jun 22:17    INFO  valid result: 
ndcg@10 : 0.6252    mrr@10 : 0.5611    hit@10 : 0.826
05 Jun 22:22    INFO  epoch 14 training [time: 289.60s, train loss: 41206.6145]
05 Jun 22:22    INFO  epoch 14 evaluating [time: 15.33s, valid_score: 0.625800]
05 Jun 22:22    INFO  valid result: 
ndcg@10 : 0.6258    mrr@10 : 0.5633    hit@10 : 0.8225
05 Jun 22:27    INFO  epoch 15 training [time: 289.58s, train loss: 41180.5384]
05 Jun 22:27    INFO  epoch 15 evaluating [time: 15.17s, valid_score: 0.624500]
05 Jun 22:27    INFO  valid result: 
ndcg@10 : 0.6245    mrr@10 : 0.5607    hit@10 : 0.825
05 Jun 22:32    INFO  epoch 16 training [time: 289.16s, train loss: 41131.2410]
05 Jun 22:32    INFO  epoch 16 evaluating [time: 15.31s, valid_score: 0.626200]
05 Jun 22:32    INFO  valid result: 
ndcg@10 : 0.6262    mrr@10 : 0.5623    hit@10 : 0.8267
05 Jun 22:37    INFO  epoch 17 training [time: 289.57s, train loss: 41111.0725]
05 Jun 22:38    INFO  epoch 17 evaluating [time: 15.24s, valid_score: 0.622300]
05 Jun 22:38    INFO  valid result: 
ndcg@10 : 0.6223    mrr@10 : 0.5572    hit@10 : 0.8265
05 Jun 22:42    INFO  epoch 18 training [time: 289.36s, train loss: 41085.6983]
05 Jun 22:43    INFO  epoch 18 evaluating [time: 15.11s, valid_score: 0.627600]
05 Jun 22:43    INFO  valid result: 
ndcg@10 : 0.6276    mrr@10 : 0.5648    hit@10 : 0.8245
05 Jun 22:43    INFO  Finished training, best eval result in epoch 7
/gpfs/home/danila/sbrs-research/.venv/lib64/python3.9/site-packages/recbole/trainer/trainer.py:583: FutureWarning: You are using `torch.load` with `weights_only=False` (the current default value), which uses the default pickle module implicitly. It is possible to construct malicious pickle data which will execute arbitrary code during unpickling (See https://github.com/pytorch/pytorch/blob/main/SECURITY.md#untrusted-models for more details). In a future release, the default value for `weights_only` will be flipped to `True`. This limits the functions that could be executed during unpickling. Arbitrary objects will no longer be allowed to be loaded via this mode unless they are explicitly allowlisted by the user via `torch.serialization.add_safe_globals`. We recommend you start setting `weights_only=True` for any use case where you don't have full control of the loaded file. Please open an issue on GitHub for any issues related to this experimental feature.
  checkpoint = torch.load(checkpoint_file, map_location=self.device)
05 Jun 22:43    INFO  Loading model structure and parameters from saved/SASRec-Jun-05-2025_21-06-36.pth
05 Jun 22:43    INFO  The running environment of this training is as follows:
+-------------+-----------------+
| Environment |      Usage      |
+=============+=================+
| CPU         |     44.30 %     |
+-------------+-----------------+
| GPU         |  0.05 G/9.50 G  |
+-------------+-----------------+
| Memory      | 1.84 G/503.00 G |
+-------------+-----------------+
05 Jun 22:43    INFO  best valid : OrderedDict([('ndcg@10', 0.6279), ('mrr@10', 0.564), ('hit@10', 0.8288)])
05 Jun 22:43    INFO  test result: OrderedDict([('ndcg@10', 0.5898), ('mrr@10', 0.5265), ('hit@10', 0.7896)])
