05 Jun 21:02    INFO  
General Hyper Parameters:
gpu_id = 0
use_gpu = True
seed = 2020
state = INFO
reproducibility = True
data_path = dataset/ml-1m-modified
checkpoint_dir = saved
show_progress = False
save_dataset = False
dataset_save_path = None
save_dataloaders = False
dataloaders_save_path = None
log_wandb = False

Training Hyper Parameters:
epochs = 200
train_batch_size = 128
learner = adam
learning_rate = 0.001
train_neg_sample_args = {'distribution': 'none', 'sample_num': 'none', 'alpha': 'none', 'dynamic': False, 'candidate_num': 0}
eval_step = 1
stopping_step = 10
clip_grad_norm = None
weight_decay = 0.0
loss_decimal_place = 4

Evaluation Hyper Parameters:
eval_args = {'split': {'LS': 'valid_and_test'}, 'order': 'TO', 'group_by': 'user', 'mode': {'valid': 'uni100', 'test': 'uni100'}}
repeatable = True
metrics = ['NDCG', 'MRR', 'Hit']
topk = [10]
valid_metric = NDCG@10
valid_metric_bigger = True
eval_batch_size = 128
metric_decimal_place = 4

Dataset Hyper Parameters:
field_separator = 	
seq_separator =  
USER_ID_FIELD = user_id
ITEM_ID_FIELD = item_id
RATING_FIELD = rating
TIME_FIELD = timestamp
seq_len = None
LABEL_FIELD = label
threshold = None
NEG_PREFIX = neg_
load_col = {'inter': ['user_id', 'item_id', 'timestamp'], 'item': ['item_id', 'genre', 'release_year'], 'user': ['user_id', 'gender', 'age', 'occupation']}
unload_col = None
unused_col = None
additional_feat_suffix = None
rm_dup_inter = None
val_interval = None
filter_inter_by_user_or_item = True
user_inter_num_interval = [0,inf)
item_inter_num_interval = [0,inf)
alias_of_user_id = None
alias_of_item_id = None
alias_of_entity_id = None
alias_of_relation_id = None
preload_weight = None
normalize_field = None
normalize_all = None
ITEM_LIST_LENGTH_FIELD = item_length
LIST_SUFFIX = _list
MAX_ITEM_LIST_LENGTH = 5
POSITION_FIELD = position_id
HEAD_ENTITY_ID_FIELD = head_id
TAIL_ENTITY_ID_FIELD = tail_id
RELATION_ID_FIELD = relation_id
ENTITY_ID_FIELD = entity_id
benchmark_filename = None

Other Hyper Parameters: 
worker = 0
wandb_project = recbole
shuffle = True
require_pow = False
enable_amp = True
enable_scaler = False
transform = None
numerical_features = []
discretization = None
kg_reverse_r = False
entity_kg_num_interval = [0,inf)
relation_kg_num_interval = [0,inf)
MODEL_TYPE = ModelType.SEQUENTIAL
use_user_embedding = True
embedding_size = 64
hidden_size = 64
inner_size = 256
n_layers = 2
n_heads = 2
layer_norm_eps = 1e-12
initializer_range = 0.02
hidden_act = gelu
loss_type = CE
pooling_mode = sum
hidden_dropout_prob = 0.2
attn_dropout_prob = 0.2
selected_item_features = []
selected_user_features = ['gender', 'occupation']
MODEL_INPUT_TYPE = InputType.POINTWISE
eval_type = EvaluatorType.RANKING
single_spec = True
local_rank = 0
device = cuda
valid_neg_sample_args = {'distribution': 'uniform', 'sample_num': 100}
test_neg_sample_args = {'distribution': 'uniform', 'sample_num': 100}


/gpfs/home/danila/sbrs-research/.venv/lib64/python3.9/site-packages/recbole/data/dataset/dataset.py:648: FutureWarning: A value is trying to be set on a copy of a DataFrame or Series through chained assignment using an inplace method.
The behavior will change in pandas 3.0. This inplace method will never work because the intermediate object on which we are setting values always behaves as a copy.

For example, when doing 'df[col].method(value, inplace=True)', try using 'df.method({col: value}, inplace=True)' or df[col] = df[col].method(value) instead, to perform the operation inplace on the original object.


  feat[field].fillna(value=0, inplace=True)
/gpfs/home/danila/sbrs-research/.venv/lib64/python3.9/site-packages/recbole/data/dataset/dataset.py:650: FutureWarning: A value is trying to be set on a copy of a DataFrame or Series through chained assignment using an inplace method.
The behavior will change in pandas 3.0. This inplace method will never work because the intermediate object on which we are setting values always behaves as a copy.

For example, when doing 'df[col].method(value, inplace=True)', try using 'df.method({col: value}, inplace=True)' or df[col] = df[col].method(value) instead, to perform the operation inplace on the original object.


  feat[field].fillna(value=feat[field].mean(), inplace=True)
05 Jun 21:02    INFO  ml-1m-modified
The number of users: 6041
Average actions of users: 165.5975165562914
The number of items: 3884
Average actions of items: 269.88909875876953
The number of inters: 1000209
The sparsity of the dataset: 95.73712398848173%
Remain Fields: ['user_id', 'item_id', 'timestamp', 'age', 'gender', 'occupation', 'release_year', 'genre']
05 Jun 21:02    INFO  [Training]: train_batch_size = [128] train_neg_sample_args: [{'distribution': 'none', 'sample_num': 'none', 'alpha': 'none', 'dynamic': False, 'candidate_num': 0}]
05 Jun 21:02    INFO  [Evaluation]: eval_batch_size = [128] eval_args: [{'split': {'LS': 'valid_and_test'}, 'order': 'TO', 'group_by': 'user', 'mode': {'valid': 'uni100', 'test': 'uni100'}}]
05 Jun 21:02    INFO  SASRecFPlus(
  (item_embedding): Embedding(3884, 64, padding_idx=0)
  (user_embedding): Embedding(6041, 64, padding_idx=0)
  (position_embedding): Embedding(6, 64)
  (feature_embed_layer): UltimateFeatureSeqEmbLayer(
    (token_embedding_table): ModuleDict(
      (user): FMEmbedding(
        (embedding): Embedding(25, 64)
      )
    )
    (float_embedding_table): ModuleDict()
    (token_seq_embedding_table): ModuleDict(
      (user): ModuleList()
      (item): ModuleList()
    )
    (float_seq_embedding_table): ModuleDict(
      (user): ModuleList()
      (item): ModuleList()
    )
  )
  (user_concat_layer): Linear(in_features=192, out_features=64, bias=True)
  (trm_encoder): TransformerEncoder(
    (layer): ModuleList(
      (0-1): 2 x TransformerLayer(
        (multi_head_attention): MultiHeadAttention(
          (query): Linear(in_features=64, out_features=64, bias=True)
          (key): Linear(in_features=64, out_features=64, bias=True)
          (value): Linear(in_features=64, out_features=64, bias=True)
          (softmax): Softmax(dim=-1)
          (attn_dropout): Dropout(p=0.2, inplace=False)
          (dense): Linear(in_features=64, out_features=64, bias=True)
          (LayerNorm): LayerNorm((64,), eps=1e-12, elementwise_affine=True)
          (out_dropout): Dropout(p=0.2, inplace=False)
        )
        (feed_forward): FeedForward(
          (dense_1): Linear(in_features=64, out_features=256, bias=True)
          (dense_2): Linear(in_features=256, out_features=64, bias=True)
          (LayerNorm): LayerNorm((64,), eps=1e-12, elementwise_affine=True)
          (dropout): Dropout(p=0.2, inplace=False)
        )
      )
    )
  )
  (LayerNorm): LayerNorm((64,), eps=1e-12, elementwise_affine=True)
  (dropout): Dropout(p=0.2, inplace=False)
  (loss_fct): CrossEntropyLoss()
)
Trainable parameters: 749632
/gpfs/home/danila/sbrs-research/.venv/lib64/python3.9/site-packages/recbole/trainer/trainer.py:235: FutureWarning: `torch.cuda.amp.GradScaler(args...)` is deprecated. Please use `torch.amp.GradScaler('cuda', args...)` instead.
  scaler = amp.GradScaler(enabled=self.enable_scaler)
05 Jun 21:04    INFO  epoch 0 training [time: 57.25s, train loss: 48935.1215]
05 Jun 21:04    INFO  epoch 0 evaluating [time: 18.33s, valid_score: 0.526300]
05 Jun 21:04    INFO  valid result: 
ndcg@10 : 0.5263    mrr@10 : 0.45    hit@10 : 0.7679
05 Jun 21:04    INFO  Saving current: saved/SASRecFPlus-Jun-05-2025_21-02-58.pth
05 Jun 21:05    INFO  epoch 1 training [time: 54.70s, train loss: 45887.7673]
05 Jun 21:05    INFO  epoch 1 evaluating [time: 18.11s, valid_score: 0.551900]
05 Jun 21:05    INFO  valid result: 
ndcg@10 : 0.5519    mrr@10 : 0.4769    hit@10 : 0.7891
05 Jun 21:05    INFO  Saving current: saved/SASRecFPlus-Jun-05-2025_21-02-58.pth
05 Jun 21:06    INFO  epoch 2 training [time: 54.87s, train loss: 45018.5899]
05 Jun 21:06    INFO  epoch 2 evaluating [time: 18.12s, valid_score: 0.561000]
05 Jun 21:06    INFO  valid result: 
ndcg@10 : 0.561    mrr@10 : 0.4869    hit@10 : 0.7947
05 Jun 21:06    INFO  Saving current: saved/SASRecFPlus-Jun-05-2025_21-02-58.pth
05 Jun 21:07    INFO  epoch 3 training [time: 54.80s, train loss: 44456.3840]
05 Jun 21:08    INFO  epoch 3 evaluating [time: 18.05s, valid_score: 0.564600]
05 Jun 21:08    INFO  valid result: 
ndcg@10 : 0.5646    mrr@10 : 0.4906    hit@10 : 0.7992
05 Jun 21:08    INFO  Saving current: saved/SASRecFPlus-Jun-05-2025_21-02-58.pth
05 Jun 21:08    INFO  epoch 4 training [time: 54.72s, train loss: 44100.2136]
05 Jun 21:09    INFO  epoch 4 evaluating [time: 18.06s, valid_score: 0.569000]
05 Jun 21:09    INFO  valid result: 
ndcg@10 : 0.569    mrr@10 : 0.495    hit@10 : 0.8022
05 Jun 21:09    INFO  Saving current: saved/SASRecFPlus-Jun-05-2025_21-02-58.pth
05 Jun 21:10    INFO  epoch 5 training [time: 54.60s, train loss: 43858.8512]
05 Jun 21:10    INFO  epoch 5 evaluating [time: 18.00s, valid_score: 0.569000]
05 Jun 21:10    INFO  valid result: 
ndcg@10 : 0.569    mrr@10 : 0.4952    hit@10 : 0.8018
05 Jun 21:10    INFO  Saving current: saved/SASRecFPlus-Jun-05-2025_21-02-58.pth
05 Jun 21:11    INFO  epoch 6 training [time: 54.52s, train loss: 43671.4287]
05 Jun 21:11    INFO  epoch 6 evaluating [time: 18.05s, valid_score: 0.575000]
05 Jun 21:11    INFO  valid result: 
ndcg@10 : 0.575    mrr@10 : 0.5013    hit@10 : 0.8078
05 Jun 21:11    INFO  Saving current: saved/SASRecFPlus-Jun-05-2025_21-02-58.pth
05 Jun 21:12    INFO  epoch 7 training [time: 54.43s, train loss: 43535.1495]
05 Jun 21:12    INFO  epoch 7 evaluating [time: 17.87s, valid_score: 0.578800]
05 Jun 21:12    INFO  valid result: 
ndcg@10 : 0.5788    mrr@10 : 0.5057    hit@10 : 0.8101
05 Jun 21:12    INFO  Saving current: saved/SASRecFPlus-Jun-05-2025_21-02-58.pth
05 Jun 21:13    INFO  epoch 8 training [time: 54.13s, train loss: 43412.5705]
05 Jun 21:14    INFO  epoch 8 evaluating [time: 17.84s, valid_score: 0.577900]
05 Jun 21:14    INFO  valid result: 
ndcg@10 : 0.5779    mrr@10 : 0.5061    hit@10 : 0.8045
05 Jun 21:14    INFO  epoch 9 training [time: 54.20s, train loss: 43313.7146]
05 Jun 21:15    INFO  epoch 9 evaluating [time: 17.94s, valid_score: 0.578100]
05 Jun 21:15    INFO  valid result: 
ndcg@10 : 0.5781    mrr@10 : 0.5051    hit@10 : 0.8084
05 Jun 21:16    INFO  epoch 10 training [time: 54.31s, train loss: 43234.6413]
05 Jun 21:16    INFO  epoch 10 evaluating [time: 17.97s, valid_score: 0.583400]
05 Jun 21:16    INFO  valid result: 
ndcg@10 : 0.5834    mrr@10 : 0.5117    hit@10 : 0.8096
05 Jun 21:16    INFO  Saving current: saved/SASRecFPlus-Jun-05-2025_21-02-58.pth
05 Jun 21:17    INFO  epoch 11 training [time: 54.28s, train loss: 43163.9761]
05 Jun 21:17    INFO  epoch 11 evaluating [time: 17.93s, valid_score: 0.577200]
05 Jun 21:17    INFO  valid result: 
ndcg@10 : 0.5772    mrr@10 : 0.5034    hit@10 : 0.8096
05 Jun 21:18    INFO  epoch 12 training [time: 54.28s, train loss: 43098.0890]
05 Jun 21:18    INFO  epoch 12 evaluating [time: 17.95s, valid_score: 0.579600]
05 Jun 21:18    INFO  valid result: 
ndcg@10 : 0.5796    mrr@10 : 0.5074    hit@10 : 0.8065
05 Jun 21:19    INFO  epoch 13 training [time: 54.37s, train loss: 43033.6191]
05 Jun 21:20    INFO  epoch 13 evaluating [time: 17.93s, valid_score: 0.583100]
05 Jun 21:20    INFO  valid result: 
ndcg@10 : 0.5831    mrr@10 : 0.5097    hit@10 : 0.8147
05 Jun 21:21    INFO  epoch 14 training [time: 54.13s, train loss: 42981.4056]
05 Jun 21:21    INFO  epoch 14 evaluating [time: 17.91s, valid_score: 0.582700]
05 Jun 21:21    INFO  valid result: 
ndcg@10 : 0.5827    mrr@10 : 0.5114    hit@10 : 0.8076
05 Jun 21:22    INFO  epoch 15 training [time: 54.06s, train loss: 42952.1794]
05 Jun 21:22    INFO  epoch 15 evaluating [time: 17.87s, valid_score: 0.582900]
05 Jun 21:22    INFO  valid result: 
ndcg@10 : 0.5829    mrr@10 : 0.5112    hit@10 : 0.8093
05 Jun 21:23    INFO  epoch 16 training [time: 54.09s, train loss: 42893.8297]
05 Jun 21:23    INFO  epoch 16 evaluating [time: 17.89s, valid_score: 0.582800]
05 Jun 21:23    INFO  valid result: 
ndcg@10 : 0.5828    mrr@10 : 0.51    hit@10 : 0.8127
05 Jun 21:24    INFO  epoch 17 training [time: 54.16s, train loss: 42854.2473]
05 Jun 21:24    INFO  epoch 17 evaluating [time: 17.91s, valid_score: 0.576900]
05 Jun 21:24    INFO  valid result: 
ndcg@10 : 0.5769    mrr@10 : 0.5026    hit@10 : 0.8111
05 Jun 21:25    INFO  epoch 18 training [time: 54.10s, train loss: 42823.8028]
05 Jun 21:26    INFO  epoch 18 evaluating [time: 17.88s, valid_score: 0.583700]
05 Jun 21:26    INFO  valid result: 
ndcg@10 : 0.5837    mrr@10 : 0.5122    hit@10 : 0.8091
05 Jun 21:26    INFO  Saving current: saved/SASRecFPlus-Jun-05-2025_21-02-58.pth
05 Jun 21:27    INFO  epoch 19 training [time: 54.09s, train loss: 42796.3383]
05 Jun 21:27    INFO  epoch 19 evaluating [time: 17.85s, valid_score: 0.582300]
05 Jun 21:27    INFO  valid result: 
ndcg@10 : 0.5823    mrr@10 : 0.5096    hit@10 : 0.8123
05 Jun 21:28    INFO  epoch 20 training [time: 53.96s, train loss: 42765.9711]
05 Jun 21:28    INFO  epoch 20 evaluating [time: 17.80s, valid_score: 0.580500]
05 Jun 21:28    INFO  valid result: 
ndcg@10 : 0.5805    mrr@10 : 0.507    hit@10 : 0.8114
05 Jun 21:29    INFO  epoch 21 training [time: 54.01s, train loss: 42733.9160]
05 Jun 21:29    INFO  epoch 21 evaluating [time: 17.81s, valid_score: 0.578600]
05 Jun 21:29    INFO  valid result: 
ndcg@10 : 0.5786    mrr@10 : 0.5065    hit@10 : 0.8061
05 Jun 21:30    INFO  epoch 22 training [time: 53.91s, train loss: 42705.2542]
05 Jun 21:30    INFO  epoch 22 evaluating [time: 17.82s, valid_score: 0.585000]
05 Jun 21:30    INFO  valid result: 
ndcg@10 : 0.585    mrr@10 : 0.5121    hit@10 : 0.8151
05 Jun 21:30    INFO  Saving current: saved/SASRecFPlus-Jun-05-2025_21-02-58.pth
05 Jun 21:31    INFO  epoch 23 training [time: 53.87s, train loss: 42681.8764]
05 Jun 21:32    INFO  epoch 23 evaluating [time: 17.86s, valid_score: 0.583100]
05 Jun 21:32    INFO  valid result: 
ndcg@10 : 0.5831    mrr@10 : 0.5105    hit@10 : 0.8119
05 Jun 21:32    INFO  epoch 24 training [time: 54.07s, train loss: 42659.3267]
05 Jun 21:33    INFO  epoch 24 evaluating [time: 17.86s, valid_score: 0.580600]
05 Jun 21:33    INFO  valid result: 
ndcg@10 : 0.5806    mrr@10 : 0.5077    hit@10 : 0.8098
05 Jun 21:34    INFO  epoch 25 training [time: 54.08s, train loss: 42639.9830]
05 Jun 21:34    INFO  epoch 25 evaluating [time: 17.86s, valid_score: 0.583600]
05 Jun 21:34    INFO  valid result: 
ndcg@10 : 0.5836    mrr@10 : 0.5105    hit@10 : 0.8146
05 Jun 21:35    INFO  epoch 26 training [time: 54.12s, train loss: 42620.3006]
05 Jun 21:35    INFO  epoch 26 evaluating [time: 17.87s, valid_score: 0.581900]
05 Jun 21:35    INFO  valid result: 
ndcg@10 : 0.5819    mrr@10 : 0.5098    hit@10 : 0.8094
05 Jun 21:36    INFO  epoch 27 training [time: 54.10s, train loss: 42597.7982]
05 Jun 21:36    INFO  epoch 27 evaluating [time: 17.88s, valid_score: 0.583300]
05 Jun 21:36    INFO  valid result: 
ndcg@10 : 0.5833    mrr@10 : 0.5121    hit@10 : 0.8075
05 Jun 21:37    INFO  epoch 28 training [time: 54.06s, train loss: 42579.8042]
05 Jun 21:38    INFO  epoch 28 evaluating [time: 17.89s, valid_score: 0.581500]
05 Jun 21:38    INFO  valid result: 
ndcg@10 : 0.5815    mrr@10 : 0.5092    hit@10 : 0.8089
05 Jun 21:38    INFO  epoch 29 training [time: 54.09s, train loss: 42563.5740]
05 Jun 21:39    INFO  epoch 29 evaluating [time: 17.89s, valid_score: 0.580100]
05 Jun 21:39    INFO  valid result: 
ndcg@10 : 0.5801    mrr@10 : 0.5076    hit@10 : 0.8086
05 Jun 21:40    INFO  epoch 30 training [time: 54.05s, train loss: 42552.5134]
05 Jun 21:40    INFO  epoch 30 evaluating [time: 17.89s, valid_score: 0.584500]
05 Jun 21:40    INFO  valid result: 
ndcg@10 : 0.5845    mrr@10 : 0.5126    hit@10 : 0.8116
05 Jun 21:41    INFO  epoch 31 training [time: 54.10s, train loss: 42535.0544]
05 Jun 21:41    INFO  epoch 31 evaluating [time: 17.89s, valid_score: 0.582000]
05 Jun 21:41    INFO  valid result: 
ndcg@10 : 0.582    mrr@10 : 0.5102    hit@10 : 0.8079
05 Jun 21:42    INFO  epoch 32 training [time: 54.08s, train loss: 42520.0594]
05 Jun 21:42    INFO  epoch 32 evaluating [time: 17.89s, valid_score: 0.579600]
05 Jun 21:42    INFO  valid result: 
ndcg@10 : 0.5796    mrr@10 : 0.507    hit@10 : 0.8088
05 Jun 21:43    INFO  epoch 33 training [time: 54.20s, train loss: 42511.5149]
05 Jun 21:44    INFO  epoch 33 evaluating [time: 17.86s, valid_score: 0.582700]
05 Jun 21:44    INFO  valid result: 
ndcg@10 : 0.5827    mrr@10 : 0.5103    hit@10 : 0.8106
05 Jun 21:44    INFO  Finished training, best eval result in epoch 22
/gpfs/home/danila/sbrs-research/.venv/lib64/python3.9/site-packages/recbole/trainer/trainer.py:583: FutureWarning: You are using `torch.load` with `weights_only=False` (the current default value), which uses the default pickle module implicitly. It is possible to construct malicious pickle data which will execute arbitrary code during unpickling (See https://github.com/pytorch/pytorch/blob/main/SECURITY.md#untrusted-models for more details). In a future release, the default value for `weights_only` will be flipped to `True`. This limits the functions that could be executed during unpickling. Arbitrary objects will no longer be allowed to be loaded via this mode unless they are explicitly allowlisted by the user via `torch.serialization.add_safe_globals`. We recommend you start setting `weights_only=True` for any use case where you don't have full control of the loaded file. Please open an issue on GitHub for any issues related to this experimental feature.
  checkpoint = torch.load(checkpoint_file, map_location=self.device)
05 Jun 21:44    INFO  Loading model structure and parameters from saved/SASRecFPlus-Jun-05-2025_21-02-58.pth
05 Jun 21:44    INFO  best valid result: OrderedDict([('ndcg@10', 0.585), ('mrr@10', 0.5121), ('hit@10', 0.8151)])
05 Jun 21:44    INFO  test result: OrderedDict([('ndcg@10', 0.5473), ('mrr@10', 0.4741), ('hit@10', 0.7793)])
