05 Jun 21:05    INFO  
General Hyper Parameters:
gpu_id = 0
use_gpu = True
seed = 2020
state = INFO
reproducibility = True
data_path = dataset/ml-1m-modified
checkpoint_dir = saved
show_progress = False
save_dataset = False
dataset_save_path = None
save_dataloaders = False
dataloaders_save_path = None
log_wandb = False

Training Hyper Parameters:
epochs = 200
train_batch_size = 128
learner = adam
learning_rate = 0.001
train_neg_sample_args = {'distribution': 'none', 'sample_num': 'none', 'alpha': 'none', 'dynamic': False, 'candidate_num': 0}
eval_step = 1
stopping_step = 10
clip_grad_norm = None
weight_decay = 0.0
loss_decimal_place = 4

Evaluation Hyper Parameters:
eval_args = {'split': {'LS': 'valid_and_test'}, 'order': 'TO', 'group_by': 'user', 'mode': {'valid': 'uni100', 'test': 'uni100'}}
repeatable = True
metrics = ['NDCG', 'MRR', 'Hit']
topk = [10]
valid_metric = NDCG@10
valid_metric_bigger = True
eval_batch_size = 128
metric_decimal_place = 4

Dataset Hyper Parameters:
field_separator = 	
seq_separator =  
USER_ID_FIELD = user_id
ITEM_ID_FIELD = item_id
RATING_FIELD = rating
TIME_FIELD = timestamp
seq_len = None
LABEL_FIELD = label
threshold = None
NEG_PREFIX = neg_
load_col = {'inter': ['user_id', 'item_id', 'timestamp'], 'item': ['item_id', 'genre', 'release_year'], 'user': ['user_id', 'gender', 'age', 'occupation']}
unload_col = None
unused_col = None
additional_feat_suffix = None
rm_dup_inter = None
val_interval = None
filter_inter_by_user_or_item = True
user_inter_num_interval = [0,inf)
item_inter_num_interval = [0,inf)
alias_of_user_id = None
alias_of_item_id = None
alias_of_entity_id = None
alias_of_relation_id = None
preload_weight = None
normalize_field = None
normalize_all = None
ITEM_LIST_LENGTH_FIELD = item_length
LIST_SUFFIX = _list
MAX_ITEM_LIST_LENGTH = 50
POSITION_FIELD = position_id
HEAD_ENTITY_ID_FIELD = head_id
TAIL_ENTITY_ID_FIELD = tail_id
RELATION_ID_FIELD = relation_id
ENTITY_ID_FIELD = entity_id
benchmark_filename = None

Other Hyper Parameters: 
worker = 0
wandb_project = recbole
shuffle = True
require_pow = False
enable_amp = True
enable_scaler = False
transform = None
numerical_features = []
discretization = None
kg_reverse_r = False
entity_kg_num_interval = [0,inf)
relation_kg_num_interval = [0,inf)
MODEL_TYPE = ModelType.SEQUENTIAL
use_user_embedding = True
embedding_size = 64
hidden_size = 64
inner_size = 256
n_layers = 2
n_heads = 2
layer_norm_eps = 1e-12
initializer_range = 0.02
hidden_act = gelu
loss_type = CE
pooling_mode = sum
hidden_dropout_prob = 0.2
attn_dropout_prob = 0.2
selected_item_features = []
selected_user_features = ['gender', 'occupation']
MODEL_INPUT_TYPE = InputType.POINTWISE
eval_type = EvaluatorType.RANKING
single_spec = True
local_rank = 0
device = cuda
valid_neg_sample_args = {'distribution': 'uniform', 'sample_num': 100}
test_neg_sample_args = {'distribution': 'uniform', 'sample_num': 100}


/gpfs/home/danila/sbrs-research/.venv/lib64/python3.9/site-packages/recbole/data/dataset/dataset.py:648: FutureWarning: A value is trying to be set on a copy of a DataFrame or Series through chained assignment using an inplace method.
The behavior will change in pandas 3.0. This inplace method will never work because the intermediate object on which we are setting values always behaves as a copy.

For example, when doing 'df[col].method(value, inplace=True)', try using 'df.method({col: value}, inplace=True)' or df[col] = df[col].method(value) instead, to perform the operation inplace on the original object.


  feat[field].fillna(value=0, inplace=True)
/gpfs/home/danila/sbrs-research/.venv/lib64/python3.9/site-packages/recbole/data/dataset/dataset.py:650: FutureWarning: A value is trying to be set on a copy of a DataFrame or Series through chained assignment using an inplace method.
The behavior will change in pandas 3.0. This inplace method will never work because the intermediate object on which we are setting values always behaves as a copy.

For example, when doing 'df[col].method(value, inplace=True)', try using 'df.method({col: value}, inplace=True)' or df[col] = df[col].method(value) instead, to perform the operation inplace on the original object.


  feat[field].fillna(value=feat[field].mean(), inplace=True)
05 Jun 21:05    INFO  ml-1m-modified
The number of users: 6041
Average actions of users: 165.5975165562914
The number of items: 3884
Average actions of items: 269.88909875876953
The number of inters: 1000209
The sparsity of the dataset: 95.73712398848173%
Remain Fields: ['user_id', 'item_id', 'timestamp', 'age', 'gender', 'occupation', 'release_year', 'genre']
05 Jun 21:05    INFO  [Training]: train_batch_size = [128] train_neg_sample_args: [{'distribution': 'none', 'sample_num': 'none', 'alpha': 'none', 'dynamic': False, 'candidate_num': 0}]
05 Jun 21:05    INFO  [Evaluation]: eval_batch_size = [128] eval_args: [{'split': {'LS': 'valid_and_test'}, 'order': 'TO', 'group_by': 'user', 'mode': {'valid': 'uni100', 'test': 'uni100'}}]
05 Jun 21:05    INFO  SASRecFPlus(
  (item_embedding): Embedding(3884, 64, padding_idx=0)
  (user_embedding): Embedding(6041, 64, padding_idx=0)
  (position_embedding): Embedding(51, 64)
  (feature_embed_layer): UltimateFeatureSeqEmbLayer(
    (token_embedding_table): ModuleDict(
      (user): FMEmbedding(
        (embedding): Embedding(25, 64)
      )
    )
    (float_embedding_table): ModuleDict()
    (token_seq_embedding_table): ModuleDict(
      (user): ModuleList()
      (item): ModuleList()
    )
    (float_seq_embedding_table): ModuleDict(
      (user): ModuleList()
      (item): ModuleList()
    )
  )
  (user_concat_layer): Linear(in_features=192, out_features=64, bias=True)
  (trm_encoder): TransformerEncoder(
    (layer): ModuleList(
      (0-1): 2 x TransformerLayer(
        (multi_head_attention): MultiHeadAttention(
          (query): Linear(in_features=64, out_features=64, bias=True)
          (key): Linear(in_features=64, out_features=64, bias=True)
          (value): Linear(in_features=64, out_features=64, bias=True)
          (softmax): Softmax(dim=-1)
          (attn_dropout): Dropout(p=0.2, inplace=False)
          (dense): Linear(in_features=64, out_features=64, bias=True)
          (LayerNorm): LayerNorm((64,), eps=1e-12, elementwise_affine=True)
          (out_dropout): Dropout(p=0.2, inplace=False)
        )
        (feed_forward): FeedForward(
          (dense_1): Linear(in_features=64, out_features=256, bias=True)
          (dense_2): Linear(in_features=256, out_features=64, bias=True)
          (LayerNorm): LayerNorm((64,), eps=1e-12, elementwise_affine=True)
          (dropout): Dropout(p=0.2, inplace=False)
        )
      )
    )
  )
  (LayerNorm): LayerNorm((64,), eps=1e-12, elementwise_affine=True)
  (dropout): Dropout(p=0.2, inplace=False)
  (loss_fct): CrossEntropyLoss()
)
Trainable parameters: 752512
/gpfs/home/danila/sbrs-research/.venv/lib64/python3.9/site-packages/recbole/trainer/trainer.py:235: FutureWarning: `torch.cuda.amp.GradScaler(args...)` is deprecated. Please use `torch.amp.GradScaler('cuda', args...)` instead.
  scaler = amp.GradScaler(enabled=self.enable_scaler)
05 Jun 21:07    INFO  epoch 0 training [time: 59.92s, train loss: 48365.8088]
05 Jun 21:07    INFO  epoch 0 evaluating [time: 26.25s, valid_score: 0.534000]
05 Jun 21:07    INFO  valid result: 
ndcg@10 : 0.534    mrr@10 : 0.4575    hit@10 : 0.776
05 Jun 21:07    INFO  Saving current: saved/SASRecFPlus-Jun-05-2025_21-05-58.pth
05 Jun 21:08    INFO  epoch 1 training [time: 59.49s, train loss: 45140.3788]
05 Jun 21:08    INFO  epoch 1 evaluating [time: 26.22s, valid_score: 0.557300]
05 Jun 21:08    INFO  valid result: 
ndcg@10 : 0.5573    mrr@10 : 0.4814    hit@10 : 0.7972
05 Jun 21:08    INFO  Saving current: saved/SASRecFPlus-Jun-05-2025_21-05-58.pth
05 Jun 21:09    INFO  epoch 2 training [time: 59.54s, train loss: 44385.8389]
05 Jun 21:10    INFO  epoch 2 evaluating [time: 26.25s, valid_score: 0.566400]
05 Jun 21:10    INFO  valid result: 
ndcg@10 : 0.5664    mrr@10 : 0.4929    hit@10 : 0.7978
05 Jun 21:10    INFO  Saving current: saved/SASRecFPlus-Jun-05-2025_21-05-58.pth
05 Jun 21:11    INFO  epoch 3 training [time: 59.54s, train loss: 43841.0535]
05 Jun 21:11    INFO  epoch 3 evaluating [time: 26.21s, valid_score: 0.571300]
05 Jun 21:11    INFO  valid result: 
ndcg@10 : 0.5713    mrr@10 : 0.4979    hit@10 : 0.8031
05 Jun 21:11    INFO  Saving current: saved/SASRecFPlus-Jun-05-2025_21-05-58.pth
05 Jun 21:12    INFO  epoch 4 training [time: 59.37s, train loss: 43425.6716]
05 Jun 21:13    INFO  epoch 4 evaluating [time: 26.18s, valid_score: 0.576500]
05 Jun 21:13    INFO  valid result: 
ndcg@10 : 0.5765    mrr@10 : 0.5041    hit@10 : 0.8048
05 Jun 21:13    INFO  Saving current: saved/SASRecFPlus-Jun-05-2025_21-05-58.pth
05 Jun 21:14    INFO  epoch 5 training [time: 59.29s, train loss: 43114.7309]
05 Jun 21:14    INFO  epoch 5 evaluating [time: 26.18s, valid_score: 0.577600]
05 Jun 21:14    INFO  valid result: 
ndcg@10 : 0.5776    mrr@10 : 0.5047    hit@10 : 0.8071
05 Jun 21:14    INFO  Saving current: saved/SASRecFPlus-Jun-05-2025_21-05-58.pth
05 Jun 21:15    INFO  epoch 6 training [time: 59.39s, train loss: 42916.4409]
05 Jun 21:16    INFO  epoch 6 evaluating [time: 26.22s, valid_score: 0.580800]
05 Jun 21:16    INFO  valid result: 
ndcg@10 : 0.5808    mrr@10 : 0.508    hit@10 : 0.8098
05 Jun 21:16    INFO  Saving current: saved/SASRecFPlus-Jun-05-2025_21-05-58.pth
05 Jun 21:17    INFO  epoch 7 training [time: 59.45s, train loss: 42748.4325]
05 Jun 21:17    INFO  epoch 7 evaluating [time: 26.23s, valid_score: 0.587200]
05 Jun 21:17    INFO  valid result: 
ndcg@10 : 0.5872    mrr@10 : 0.5154    hit@10 : 0.8139
05 Jun 21:17    INFO  Saving current: saved/SASRecFPlus-Jun-05-2025_21-05-58.pth
05 Jun 21:18    INFO  epoch 8 training [time: 59.50s, train loss: 42611.8228]
05 Jun 21:18    INFO  epoch 8 evaluating [time: 26.21s, valid_score: 0.584100]
05 Jun 21:18    INFO  valid result: 
ndcg@10 : 0.5841    mrr@10 : 0.513    hit@10 : 0.8083
05 Jun 21:19    INFO  epoch 9 training [time: 59.47s, train loss: 42494.4043]
05 Jun 21:20    INFO  epoch 9 evaluating [time: 26.25s, valid_score: 0.587200]
05 Jun 21:20    INFO  valid result: 
ndcg@10 : 0.5872    mrr@10 : 0.5171    hit@10 : 0.8088
05 Jun 21:20    INFO  Saving current: saved/SASRecFPlus-Jun-05-2025_21-05-58.pth
05 Jun 21:21    INFO  epoch 10 training [time: 59.45s, train loss: 42408.8832]
05 Jun 21:21    INFO  epoch 10 evaluating [time: 26.24s, valid_score: 0.590200]
05 Jun 21:21    INFO  valid result: 
ndcg@10 : 0.5902    mrr@10 : 0.5199    hit@10 : 0.8116
05 Jun 21:21    INFO  Saving current: saved/SASRecFPlus-Jun-05-2025_21-05-58.pth
05 Jun 21:22    INFO  epoch 11 training [time: 59.47s, train loss: 42330.4630]
05 Jun 21:23    INFO  epoch 11 evaluating [time: 26.22s, valid_score: 0.587300]
05 Jun 21:23    INFO  valid result: 
ndcg@10 : 0.5873    mrr@10 : 0.5157    hit@10 : 0.8126
05 Jun 21:24    INFO  epoch 12 training [time: 59.47s, train loss: 42266.0242]
05 Jun 21:24    INFO  epoch 12 evaluating [time: 26.23s, valid_score: 0.589700]
05 Jun 21:24    INFO  valid result: 
ndcg@10 : 0.5897    mrr@10 : 0.5185    hit@10 : 0.8137
05 Jun 21:25    INFO  epoch 13 training [time: 59.47s, train loss: 42205.6575]
05 Jun 21:26    INFO  epoch 13 evaluating [time: 26.22s, valid_score: 0.585600]
05 Jun 21:26    INFO  valid result: 
ndcg@10 : 0.5856    mrr@10 : 0.5139    hit@10 : 0.8116
05 Jun 21:27    INFO  epoch 14 training [time: 59.44s, train loss: 42144.8283]
05 Jun 21:27    INFO  epoch 14 evaluating [time: 26.19s, valid_score: 0.589100]
05 Jun 21:27    INFO  valid result: 
ndcg@10 : 0.5891    mrr@10 : 0.5197    hit@10 : 0.8076
05 Jun 21:28    INFO  epoch 15 training [time: 59.30s, train loss: 42100.4847]
05 Jun 21:28    INFO  epoch 15 evaluating [time: 26.16s, valid_score: 0.591900]
05 Jun 21:28    INFO  valid result: 
ndcg@10 : 0.5919    mrr@10 : 0.5215    hit@10 : 0.8139
05 Jun 21:28    INFO  Saving current: saved/SASRecFPlus-Jun-05-2025_21-05-58.pth
05 Jun 21:29    INFO  epoch 16 training [time: 59.14s, train loss: 42058.6224]
05 Jun 21:30    INFO  epoch 16 evaluating [time: 26.14s, valid_score: 0.586700]
05 Jun 21:30    INFO  valid result: 
ndcg@10 : 0.5867    mrr@10 : 0.5155    hit@10 : 0.8113
05 Jun 21:31    INFO  epoch 17 training [time: 59.15s, train loss: 42011.6094]
05 Jun 21:31    INFO  epoch 17 evaluating [time: 26.21s, valid_score: 0.586800]
05 Jun 21:31    INFO  valid result: 
ndcg@10 : 0.5868    mrr@10 : 0.5151    hit@10 : 0.8126
05 Jun 21:32    INFO  epoch 18 training [time: 59.37s, train loss: 41981.5654]
05 Jun 21:33    INFO  epoch 18 evaluating [time: 26.24s, valid_score: 0.588900]
05 Jun 21:33    INFO  valid result: 
ndcg@10 : 0.5889    mrr@10 : 0.5181    hit@10 : 0.8114
05 Jun 21:34    INFO  epoch 19 training [time: 59.42s, train loss: 41942.0536]
05 Jun 21:34    INFO  epoch 19 evaluating [time: 26.23s, valid_score: 0.587400]
05 Jun 21:34    INFO  valid result: 
ndcg@10 : 0.5874    mrr@10 : 0.5177    hit@10 : 0.8068
05 Jun 21:35    INFO  epoch 20 training [time: 59.38s, train loss: 41912.6136]
05 Jun 21:36    INFO  epoch 20 evaluating [time: 26.23s, valid_score: 0.587300]
05 Jun 21:36    INFO  valid result: 
ndcg@10 : 0.5873    mrr@10 : 0.5155    hit@10 : 0.8134
05 Jun 21:37    INFO  epoch 21 training [time: 59.39s, train loss: 41876.5540]
05 Jun 21:37    INFO  epoch 21 evaluating [time: 26.21s, valid_score: 0.587500]
05 Jun 21:37    INFO  valid result: 
ndcg@10 : 0.5875    mrr@10 : 0.5181    hit@10 : 0.8063
05 Jun 21:38    INFO  epoch 22 training [time: 59.41s, train loss: 41861.0029]
05 Jun 21:38    INFO  epoch 22 evaluating [time: 26.23s, valid_score: 0.591000]
05 Jun 21:38    INFO  valid result: 
ndcg@10 : 0.591    mrr@10 : 0.5205    hit@10 : 0.8126
05 Jun 21:39    INFO  epoch 23 training [time: 59.36s, train loss: 41836.1673]
05 Jun 21:40    INFO  epoch 23 evaluating [time: 26.24s, valid_score: 0.588000]
05 Jun 21:40    INFO  valid result: 
ndcg@10 : 0.588    mrr@10 : 0.5177    hit@10 : 0.8091
05 Jun 21:41    INFO  epoch 24 training [time: 59.41s, train loss: 41801.0591]
05 Jun 21:41    INFO  epoch 24 evaluating [time: 26.23s, valid_score: 0.591900]
05 Jun 21:41    INFO  valid result: 
ndcg@10 : 0.5919    mrr@10 : 0.5218    hit@10 : 0.8123
05 Jun 21:41    INFO  Saving current: saved/SASRecFPlus-Jun-05-2025_21-05-58.pth
05 Jun 21:42    INFO  epoch 25 training [time: 59.33s, train loss: 41783.8210]
05 Jun 21:43    INFO  epoch 25 evaluating [time: 26.22s, valid_score: 0.592300]
05 Jun 21:43    INFO  valid result: 
ndcg@10 : 0.5923    mrr@10 : 0.5225    hit@10 : 0.8114
05 Jun 21:43    INFO  Saving current: saved/SASRecFPlus-Jun-05-2025_21-05-58.pth
05 Jun 21:44    INFO  epoch 26 training [time: 59.33s, train loss: 41756.9041]
05 Jun 21:44    INFO  epoch 26 evaluating [time: 26.16s, valid_score: 0.588300]
05 Jun 21:44    INFO  valid result: 
ndcg@10 : 0.5883    mrr@10 : 0.518    hit@10 : 0.8091
05 Jun 21:45    INFO  epoch 27 training [time: 59.15s, train loss: 41741.9178]
05 Jun 21:46    INFO  epoch 27 evaluating [time: 26.06s, valid_score: 0.590100]
05 Jun 21:46    INFO  valid result: 
ndcg@10 : 0.5901    mrr@10 : 0.5203    hit@10 : 0.8098
05 Jun 21:47    INFO  epoch 28 training [time: 58.93s, train loss: 41717.4219]
05 Jun 21:47    INFO  epoch 28 evaluating [time: 26.12s, valid_score: 0.590000]
05 Jun 21:47    INFO  valid result: 
ndcg@10 : 0.59    mrr@10 : 0.5199    hit@10 : 0.8113
05 Jun 21:48    INFO  epoch 29 training [time: 59.10s, train loss: 41710.5503]
05 Jun 21:48    INFO  epoch 29 evaluating [time: 26.13s, valid_score: 0.586100]
05 Jun 21:48    INFO  valid result: 
ndcg@10 : 0.5861    mrr@10 : 0.5148    hit@10 : 0.8106
05 Jun 21:49    INFO  epoch 30 training [time: 59.17s, train loss: 41683.9885]
05 Jun 21:50    INFO  epoch 30 evaluating [time: 26.14s, valid_score: 0.592100]
05 Jun 21:50    INFO  valid result: 
ndcg@10 : 0.5921    mrr@10 : 0.5223    hit@10 : 0.8114
05 Jun 21:51    INFO  epoch 31 training [time: 59.18s, train loss: 41665.8398]
05 Jun 21:51    INFO  epoch 31 evaluating [time: 26.11s, valid_score: 0.590900]
05 Jun 21:51    INFO  valid result: 
ndcg@10 : 0.5909    mrr@10 : 0.5214    hit@10 : 0.8096
05 Jun 21:52    INFO  epoch 32 training [time: 59.17s, train loss: 41648.8081]
05 Jun 21:53    INFO  epoch 32 evaluating [time: 26.13s, valid_score: 0.589200]
05 Jun 21:53    INFO  valid result: 
ndcg@10 : 0.5892    mrr@10 : 0.5183    hit@10 : 0.8126
05 Jun 21:54    INFO  epoch 33 training [time: 59.15s, train loss: 41643.6930]
05 Jun 21:54    INFO  epoch 33 evaluating [time: 26.07s, valid_score: 0.595300]
05 Jun 21:54    INFO  valid result: 
ndcg@10 : 0.5953    mrr@10 : 0.5254    hit@10 : 0.8156
05 Jun 21:54    INFO  Saving current: saved/SASRecFPlus-Jun-05-2025_21-05-58.pth
05 Jun 21:55    INFO  epoch 34 training [time: 58.91s, train loss: 41635.9306]
05 Jun 21:56    INFO  epoch 34 evaluating [time: 26.01s, valid_score: 0.590600]
05 Jun 21:56    INFO  valid result: 
ndcg@10 : 0.5906    mrr@10 : 0.52    hit@10 : 0.8131
05 Jun 21:56    INFO  epoch 35 training [time: 58.82s, train loss: 41617.2617]
05 Jun 21:57    INFO  epoch 35 evaluating [time: 25.98s, valid_score: 0.591500]
05 Jun 21:57    INFO  valid result: 
ndcg@10 : 0.5915    mrr@10 : 0.5216    hit@10 : 0.8121
05 Jun 21:58    INFO  epoch 36 training [time: 58.72s, train loss: 41604.1202]
05 Jun 21:58    INFO  epoch 36 evaluating [time: 26.04s, valid_score: 0.592700]
05 Jun 21:58    INFO  valid result: 
ndcg@10 : 0.5927    mrr@10 : 0.5218    hit@10 : 0.8159
05 Jun 21:59    INFO  epoch 37 training [time: 58.93s, train loss: 41595.5963]
05 Jun 22:00    INFO  epoch 37 evaluating [time: 26.09s, valid_score: 0.594300]
05 Jun 22:00    INFO  valid result: 
ndcg@10 : 0.5943    mrr@10 : 0.5254    hit@10 : 0.8113
05 Jun 22:01    INFO  epoch 38 training [time: 58.99s, train loss: 41571.4169]
05 Jun 22:01    INFO  epoch 38 evaluating [time: 26.07s, valid_score: 0.588900]
05 Jun 22:01    INFO  valid result: 
ndcg@10 : 0.5889    mrr@10 : 0.5177    hit@10 : 0.8127
05 Jun 22:02    INFO  epoch 39 training [time: 59.00s, train loss: 41558.1490]
05 Jun 22:03    INFO  epoch 39 evaluating [time: 26.07s, valid_score: 0.592400]
05 Jun 22:03    INFO  valid result: 
ndcg@10 : 0.5924    mrr@10 : 0.5229    hit@10 : 0.8106
05 Jun 22:04    INFO  epoch 40 training [time: 59.02s, train loss: 41562.9407]
05 Jun 22:04    INFO  epoch 40 evaluating [time: 26.09s, valid_score: 0.594900]
05 Jun 22:04    INFO  valid result: 
ndcg@10 : 0.5949    mrr@10 : 0.5249    hit@10 : 0.8156
05 Jun 22:05    INFO  epoch 41 training [time: 58.99s, train loss: 41542.8557]
05 Jun 22:05    INFO  epoch 41 evaluating [time: 26.08s, valid_score: 0.593800]
05 Jun 22:05    INFO  valid result: 
ndcg@10 : 0.5938    mrr@10 : 0.5242    hit@10 : 0.8131
05 Jun 22:06    INFO  epoch 42 training [time: 59.05s, train loss: 41524.9345]
05 Jun 22:07    INFO  epoch 42 evaluating [time: 26.08s, valid_score: 0.589000]
05 Jun 22:07    INFO  valid result: 
ndcg@10 : 0.589    mrr@10 : 0.5182    hit@10 : 0.8118
05 Jun 22:08    INFO  epoch 43 training [time: 59.03s, train loss: 41526.5483]
05 Jun 22:08    INFO  epoch 43 evaluating [time: 26.08s, valid_score: 0.594300]
05 Jun 22:08    INFO  valid result: 
ndcg@10 : 0.5943    mrr@10 : 0.5254    hit@10 : 0.8114
05 Jun 22:09    INFO  epoch 44 training [time: 59.03s, train loss: 41521.1865]
05 Jun 22:10    INFO  epoch 44 evaluating [time: 26.10s, valid_score: 0.593600]
05 Jun 22:10    INFO  valid result: 
ndcg@10 : 0.5936    mrr@10 : 0.5246    hit@10 : 0.8111
05 Jun 22:10    INFO  Finished training, best eval result in epoch 33
/gpfs/home/danila/sbrs-research/.venv/lib64/python3.9/site-packages/recbole/trainer/trainer.py:583: FutureWarning: You are using `torch.load` with `weights_only=False` (the current default value), which uses the default pickle module implicitly. It is possible to construct malicious pickle data which will execute arbitrary code during unpickling (See https://github.com/pytorch/pytorch/blob/main/SECURITY.md#untrusted-models for more details). In a future release, the default value for `weights_only` will be flipped to `True`. This limits the functions that could be executed during unpickling. Arbitrary objects will no longer be allowed to be loaded via this mode unless they are explicitly allowlisted by the user via `torch.serialization.add_safe_globals`. We recommend you start setting `weights_only=True` for any use case where you don't have full control of the loaded file. Please open an issue on GitHub for any issues related to this experimental feature.
  checkpoint = torch.load(checkpoint_file, map_location=self.device)
05 Jun 22:10    INFO  Loading model structure and parameters from saved/SASRecFPlus-Jun-05-2025_21-05-58.pth
05 Jun 22:10    INFO  best valid result: OrderedDict([('ndcg@10', 0.5953), ('mrr@10', 0.5254), ('hit@10', 0.8156)])
05 Jun 22:10    INFO  test result: OrderedDict([('ndcg@10', 0.5569), ('mrr@10', 0.4866), ('hit@10', 0.779)])
